{
  "numFailedTestSuites": 0,
  "numFailedTests": 0,
  "numPassedTestSuites": 1,
  "numPassedTests": 4,
  "numPendingTestSuites": 0,
  "numPendingTests": 0,
  "numRuntimeErrorTestSuites": 0,
  "numTodoTests": 0,
  "numTotalTestSuites": 1,
  "numTotalTests": 4,
  "openHandles": [],
  "snapshot": {
    "added": 0,
    "didUpdate": false,
    "failure": false,
    "filesAdded": 0,
    "filesRemoved": 0,
    "filesRemovedList": [],
    "filesUnmatched": 0,
    "filesUpdated": 0,
    "matched": 0,
    "total": 0,
    "unchecked": 0,
    "uncheckedKeysByFile": [],
    "unmatched": 0,
    "updated": 0
  },
  "startTime": 1642297921009,
  "success": true,
  "testResults": [
    {
      "assertionResults": [
        {
          "ancestorTitles": ["functions"],
          "failureMessages": [],
          "fullName": "functions add",
          "location": null,
          "status": "passed",
          "title": "add"
        },
        {
          "ancestorTitles": ["functions"],
          "failureMessages": [],
          "fullName": "functions subtract",
          "location": null,
          "status": "passed",
          "title": "subtract"
        },
        {
          "ancestorTitles": ["functions"],
          "failureMessages": [],
          "fullName": "functions multiply",
          "location": null,
          "status": "passed",
          "title": "multiply"
        },
        {
          "ancestorTitles": ["functions"],
          "failureMessages": [],
          "fullName": "functions divide",
          "location": null,
          "status": "passed",
          "title": "divide"
        }
      ],
      "endTime": 1642297921229,
      "message": "",
      "name": "/Users/danielshapiro/Documents/fullstack-academy/test-checkpoint/index.test.js",
      "startTime": 1642297921037,
      "status": "passed",
      "summary": ""
    }
  ],
  "wasInterrupted": false
}
